
RAxML-NG v. 0.5.1b BETA released on 01.12.2017 by The Exelixis Lab.
Authors: Alexey Kozlov, Alexandros Stamatakis, Diego Darriba, Tomas Flouri, Benoit Morel.
Latest version: https://github.com/amkozlov/raxml-ng
Questions/problems/suggestions? Please visit: https://groups.google.com/forum/#!forum/raxml

WARNING: This is a BETA release, please use at your own risk!

RAxML-NG was called as follows:

raxml-ng --msa 249-hawaii_genome.min276.phy --model GTR --prefix 249-hawaii_genome --threads 20

Analysis options:
  run mode: ML tree search
  start tree(s): random
  random seed: 1534892322
  tip-inner: ON
  pattern compression: ON
  per-rate scalers: OFF
  site repeats: OFF
  fast spr radius: AUTO
  spr subtree cutoff: 1.000000
  branch lengths: ML estimate (linked)
  SIMD kernels: AVX2
  parallelization: PTHREADS (20 threads)

[00:00:00] Reading alignment from file: 249-hawaii_genome.min276.phy
[00:00:00] Loaded alignment with 276 taxa and 784237 sites

Alignment comprises 1 partitions and 135681 patterns

Partition 0: noname
Model: GTR+FO
Alignment sites / patterns: 784237 / 135681
Gaps: 0.00 %
Invariant sites: 3.37 %


[00:00:05] Generating random starting tree(s) with 276 taxa
[00:00:05] Data distribution: partitions/thread: 1-1, patterns/thread: 6784-6785

Starting ML tree search with 1 distinct starting trees

[00:00:05 -65756221.525098] Initial branch length optimization
[00:00:06 -38001726.101953] Model parameter optimization (eps = 10.000000)
[00:00:32 -36856301.391532] AUTODETECT spr round 1 (radius: 5)
[00:01:04 -30601096.793971] AUTODETECT spr round 2 (radius: 10)
[00:02:00 -25946482.472019] AUTODETECT spr round 3 (radius: 15)
[00:03:11 -24406963.378807] AUTODETECT spr round 4 (radius: 20)
[00:04:32 -24155678.464120] AUTODETECT spr round 5 (radius: 25)
[00:05:54 -24017996.152090] SPR radius for FAST iterations: 25 (autodetect)
[00:05:54 -24017996.152090] Model parameter optimization (eps = 3.000000)
[00:06:09 -24017500.120256] FAST spr round 1 (radius: 25)
[00:07:01 -23002786.321123] FAST spr round 2 (radius: 25)
[00:07:49 -22884728.690058] FAST spr round 3 (radius: 25)
[00:08:31 -22871391.169688] FAST spr round 4 (radius: 25)
[00:09:09 -22870821.957512] FAST spr round 5 (radius: 25)
[00:09:47 -22869251.537262] FAST spr round 6 (radius: 25)
[00:10:24 -22869128.339879] FAST spr round 7 (radius: 25)
[00:10:59 -22866060.455159] FAST spr round 8 (radius: 25)
[00:11:35 -22865977.281960] FAST spr round 9 (radius: 25)
[00:12:10 -22865927.528036] FAST spr round 10 (radius: 25)
[00:12:47 -22864631.166452] FAST spr round 11 (radius: 25)
[00:13:23 -22863761.066582] FAST spr round 12 (radius: 25)
[00:14:00 -22863761.064346] Model parameter optimization (eps = 1.000000)
[00:14:08 -22863756.824028] SLOW spr round 1 (radius: 5)
[00:15:37 -22857306.966697] SLOW spr round 2 (radius: 5)
[00:16:54 -22856856.179328] SLOW spr round 3 (radius: 5)
[00:18:09 -22856816.703051] SLOW spr round 4 (radius: 5)
[00:19:24 -22856816.703024] SLOW spr round 5 (radius: 10)
[00:20:31 -22854458.960523] SLOW spr round 6 (radius: 5)
[00:22:23 -22854458.960523] SLOW spr round 7 (radius: 10)
[00:23:49 -22854458.960523] SLOW spr round 8 (radius: 15)
[00:26:11 -22834823.505116] SLOW spr round 9 (radius: 5)
[00:28:08 -22833290.872063] SLOW spr round 10 (radius: 5)
[00:29:44 -22833223.940822] SLOW spr round 11 (radius: 5)
[00:31:07 -22831043.150320] SLOW spr round 12 (radius: 5)
[00:32:24 -22830674.917149] SLOW spr round 13 (radius: 5)
[00:33:38 -22830674.917149] SLOW spr round 14 (radius: 10)
[00:34:44 -22830593.155049] SLOW spr round 15 (radius: 5)
[00:36:36 -22826904.430020] SLOW spr round 16 (radius: 5)
[00:38:09 -22826904.430020] SLOW spr round 17 (radius: 10)
[00:39:20 -22826904.430020] SLOW spr round 18 (radius: 15)
[00:41:57 -22826904.430020] SLOW spr round 19 (radius: 20)
[00:44:49 -22826904.430020] SLOW spr round 20 (radius: 25)
[00:47:40 -22813620.926276] SLOW spr round 21 (radius: 5)
[00:49:35 -22813620.926276] SLOW spr round 22 (radius: 10)
[00:51:11 -22813620.926276] SLOW spr round 23 (radius: 15)
[00:53:23 -22813620.926276] SLOW spr round 24 (radius: 20)
[00:56:22 -22811877.730367] SLOW spr round 25 (radius: 5)
[00:58:19 -22811877.730365] SLOW spr round 26 (radius: 10)
[00:59:51 -22811877.730365] SLOW spr round 27 (radius: 15)
[01:02:03 -22811877.730365] SLOW spr round 28 (radius: 20)
[01:05:02 -22811877.730365] SLOW spr round 29 (radius: 25)
[01:07:54 -22811877.730365] Model parameter optimization (eps = 0.100000)

[01:08:00] ML tree search #1, logLikelihood: -22811877.135055


Optimized model parameters:

   Partition 0: noname
   Rate heterogeneity: NONE
   Base frequencies (ML): 0.268354 0.231593 0.231932 0.268121 
   Substitution rates (ML): 0.996122 2.954648 1.378636 0.555904 2.958132 1.000000 

Final LogLikelihood: -22811877.135055

Best ML tree saved to: /projects/b1042/AndersenLab/work/ca/f6808d0ca6ec1ff4dcb33e123a6339/249-hawaii_genome.raxml.bestTree
Optimized model saved to: /projects/b1042/AndersenLab/work/ca/f6808d0ca6ec1ff4dcb33e123a6339/249-hawaii_genome.raxml.bestModel

Execution log saved to: /projects/b1042/AndersenLab/work/ca/f6808d0ca6ec1ff4dcb33e123a6339/249-hawaii_genome.raxml.log

Analysis started: 21-Aug-2018 17:58:42 / finished: 21-Aug-2018 19:06:43

Elapsed time: 4080.747 seconds

